<?xml version="1.0" encoding="UTF-8"?>
<!-- Generated by org.testng.reporters.JUnitReportReporter -->
<testsuite hostname="DESKTOP-4HNFBEI" failures="0" tests="1" name="TestRunner.TestNGTestRunner" time="13.485" errors="0" timestamp="2024-11-11T21:37:34 IST" skipped="0">
  <testcase classname="TestRunner.TestNGTestRunner" name="runScenario" time="13.485"/>
  <system-out/>
</testsuite> <!-- TestRunner.TestNGTestRunner -->
